<?xml version="1.0" encoding="UTF-8"?>
<!-- Generated by org.testng.reporters.JUnitReportReporter -->
<testsuite hostname="DESKTOP-FQ0K5AQ" name="com.demo.test.loginTest" tests="1" failures="0" timestamp="8 Dec 2019 05:41:26 GMT" time="16.903" errors="0">
  <testcase name="login" time="16.903" classname="com.demo.test.loginTest"/>
</testsuite> <!-- com.demo.test.loginTest -->
